

================================================================
== Vivado HLS Report for 'spmv'
================================================================
* Date:           Sat May  8 22:52:40 2021

* Version:        2019.2 (Build 2704478 on Wed Nov 06 22:10:23 MST 2019)
* Project:        proj_spmv
* Solution:       solution1
* Product family: zynq
* Target device:  xc7z020-clg484-1


================================================================
== Performance Estimates
================================================================
+ Timing: 
    * Summary: 
    +--------+---------+----------+------------+
    |  Clock |  Target | Estimated| Uncertainty|
    +--------+---------+----------+------------+
    |ap_clk  | 5.00 ns | 4.353 ns |   0.62 ns  |
    +--------+---------+----------+------------+

+ Latency: 
    * Summary: 
    +---------+---------+----------+----------+-----+-----+---------+
    |  Latency (cycles) |  Latency (absolute) |  Interval | Pipeline|
    |   min   |   max   |    min   |    max   | min | max |   Type  |
    +---------+---------+----------+----------+-----+-----+---------+
    |        ?|        ?|         ?|         ?|    ?|    ?|   none  |
    +---------+---------+----------+----------+-----+-----+---------+

    + Detail: 
        * Instance: 
        N/A

        * Loop: 
        +----------+---------+---------+----------+-----------+-----------+------+----------+
        |          |  Latency (cycles) | Iteration|  Initiation Interval  | Trip |          |
        | Loop Name|   min   |   max   |  Latency |  achieved |   target  | Count| Pipelined|
        +----------+---------+---------+----------+-----------+-----------+------+----------+
        |- L1      |        ?|        ?|         ?|          -|          -|   256|    no    |
        | + L2     |        ?|        ?|        90|         81|          1|     ?|    yes   |
        +----------+---------+---------+----------+-----------+-----------+------+----------+



================================================================
== Utilization Estimates
================================================================
* Summary: 
+-----------------+---------+-------+--------+-------+-----+
|       Name      | BRAM_18K| DSP48E|   FF   |  LUT  | URAM|
+-----------------+---------+-------+--------+-------+-----+
|DSP              |        -|      -|       -|      -|    -|
|Expression       |        -|      -|       0|    545|    -|
|FIFO             |        -|      -|       -|      -|    -|
|Instance         |        -|      5|     475|    749|    -|
|Memory           |        -|      -|       -|      -|    -|
|Multiplexer      |        -|      -|       -|    794|    -|
|Register         |        -|      -|    1540|      -|    -|
+-----------------+---------+-------+--------+-------+-----+
|Total            |        0|      5|    2015|   2088|    0|
+-----------------+---------+-------+--------+-------+-----+
|Available        |      280|    220|  106400|  53200|    0|
+-----------------+---------+-------+--------+-------+-----+
|Utilization (%)  |        0|      2|       1|      3|    0|
+-----------------+---------+-------+--------+-------+-----+

+ Detail: 
    * Instance: 
    +-------------------------+----------------------+---------+-------+-----+-----+-----+
    |         Instance        |        Module        | BRAM_18K| DSP48E|  FF | LUT | URAM|
    +-------------------------+----------------------+---------+-------+-----+-----+-----+
    |spmv_fadd_32ns_32bkb_U1  |spmv_fadd_32ns_32bkb  |        0|      2|  324|  424|    0|
    |spmv_fmul_32ns_32cud_U2  |spmv_fmul_32ns_32cud  |        0|      3|  151|  325|    0|
    +-------------------------+----------------------+---------+-------+-----+-----+-----+
    |Total                    |                      |        0|      5|  475|  749|    0|
    +-------------------------+----------------------+---------+-------+-----+-----+-----+

    * DSP48E: 
    N/A

    * Memory: 
    N/A

    * FIFO: 
    N/A

    * Expression: 
    +---------------------------------+----------+-------+---+----+------------+------------+
    |          Variable Name          | Operation| DSP48E| FF| LUT| Bitwidth P0| Bitwidth P1|
    +---------------------------------+----------+-------+---+----+------------+------------+
    |add_ln8_1_fu_464_p2              |     +    |      0|  0|  39|          32|           1|
    |add_ln8_2_fu_479_p2              |     +    |      0|  0|  39|          32|           2|
    |add_ln8_3_fu_499_p2              |     +    |      0|  0|  39|          32|           2|
    |add_ln8_4_fu_519_p2              |     +    |      0|  0|  39|          32|           3|
    |add_ln8_5_fu_539_p2              |     +    |      0|  0|  39|          32|           3|
    |add_ln8_6_fu_559_p2              |     +    |      0|  0|  39|          32|           3|
    |add_ln8_7_fu_579_p2              |     +    |      0|  0|  39|          32|           3|
    |add_ln8_8_fu_599_p2              |     +    |      0|  0|  39|          32|           4|
    |add_ln8_fu_629_p2                |     +    |      0|  0|  39|          32|           4|
    |i_fu_438_p2                      |     +    |      0|  0|  15|           9|           1|
    |icmp_ln6_fu_432_p2               |   icmp   |      0|  0|  13|           9|          10|
    |icmp_ln8_1_fu_470_p2             |   icmp   |      0|  0|  18|          32|          32|
    |icmp_ln8_2_fu_490_p2             |   icmp   |      0|  0|  18|          32|          32|
    |icmp_ln8_3_fu_510_p2             |   icmp   |      0|  0|  18|          32|          32|
    |icmp_ln8_4_fu_530_p2             |   icmp   |      0|  0|  18|          32|          32|
    |icmp_ln8_5_fu_550_p2             |   icmp   |      0|  0|  18|          32|          32|
    |icmp_ln8_6_fu_570_p2             |   icmp   |      0|  0|  18|          32|          32|
    |icmp_ln8_7_fu_590_p2             |   icmp   |      0|  0|  18|          32|          32|
    |icmp_ln8_8_fu_610_p2             |   icmp   |      0|  0|  18|          32|          32|
    |icmp_ln8_fu_453_p2               |   icmp   |      0|  0|  18|          32|          32|
    |ap_predicate_tran86to95_state85  |    or    |      0|  0|   2|           1|           1|
    |ap_enable_pp0                    |    xor   |      0|  0|   2|           1|           2|
    +---------------------------------+----------+-------+---+----+------------+------------+
    |Total                            |          |      0|  0| 545|         596|         327|
    +---------------------------------+----------+-------+---+----+------------+------------+

    * Multiplexer: 
    +--------------------------------+-----+-----------+-----+-----------+
    |              Name              | LUT | Input Size| Bits| Total Bits|
    +--------------------------------+-----+-----------+-----+-----------+
    |ap_NS_fsm                       |  381|         87|    1|         87|
    |ap_enable_reg_pp0_iter1         |    9|          2|    1|          2|
    |ap_phi_mux_k_0_0_phi_fu_345_p4  |    9|          2|   32|         64|
    |columnIndex_address0            |   47|         10|   12|        120|
    |grp_fu_389_p0                   |   47|         10|   32|        320|
    |grp_fu_389_p1                   |   47|         10|   32|        320|
    |grp_fu_394_p0                   |   41|          8|   32|        256|
    |grp_fu_394_p1                   |   33|          6|   32|        192|
    |i_0_reg_331                     |    9|          2|    9|         18|
    |k_0_0_reg_342                   |    9|          2|   32|         64|
    |rowPtr_address0                 |   15|          3|    9|         27|
    |values_address0                 |   47|         10|   12|        120|
    |x_address0                      |   47|         10|    8|         80|
    |y0_0_0_reg_352                  |    9|          2|   32|         64|
    |y0_0_lcssa_reg_364              |   44|          9|   32|        288|
    +--------------------------------+-----+-----------+-----+-----------+
    |Total                           |  794|        173|  308|       2022|
    +--------------------------------+-----+-----------+-----+-----------+

    * Register: 
    +----------------------------------+----+----+-----+-----------+
    |               Name               | FF | LUT| Bits| Const Bits|
    +----------------------------------+----+----+-----+-----------+
    |add_ln8_1_reg_691                 |  32|   0|   32|          0|
    |add_ln8_2_reg_711                 |  32|   0|   32|          0|
    |add_ln8_3_reg_736                 |  32|   0|   32|          0|
    |add_ln8_4_reg_766                 |  32|   0|   32|          0|
    |add_ln8_5_reg_796                 |  32|   0|   32|          0|
    |add_ln8_6_reg_826                 |  32|   0|   32|          0|
    |add_ln8_7_reg_856                 |  32|   0|   32|          0|
    |add_ln8_8_reg_891                 |  32|   0|   32|          0|
    |add_ln8_reg_1019                  |  32|   0|   32|          0|
    |ap_CS_fsm                         |  86|   0|   86|          0|
    |ap_enable_reg_pp0_iter0           |   1|   0|    1|          0|
    |ap_enable_reg_pp0_iter1           |   1|   0|    1|          0|
    |i_0_reg_331                       |   9|   0|    9|          0|
    |i_reg_638                         |   9|   0|    9|          0|
    |icmp_ln8_1_reg_697                |   1|   0|    1|          0|
    |icmp_ln8_1_reg_697_pp0_iter1_reg  |   1|   0|    1|          0|
    |icmp_ln8_2_reg_722                |   1|   0|    1|          0|
    |icmp_ln8_2_reg_722_pp0_iter1_reg  |   1|   0|    1|          0|
    |icmp_ln8_3_reg_752                |   1|   0|    1|          0|
    |icmp_ln8_3_reg_752_pp0_iter1_reg  |   1|   0|    1|          0|
    |icmp_ln8_4_reg_782                |   1|   0|    1|          0|
    |icmp_ln8_4_reg_782_pp0_iter1_reg  |   1|   0|    1|          0|
    |icmp_ln8_5_reg_812                |   1|   0|    1|          0|
    |icmp_ln8_5_reg_812_pp0_iter1_reg  |   1|   0|    1|          0|
    |icmp_ln8_6_reg_842                |   1|   0|    1|          0|
    |icmp_ln8_6_reg_842_pp0_iter1_reg  |   1|   0|    1|          0|
    |icmp_ln8_7_reg_877                |   1|   0|    1|          0|
    |icmp_ln8_7_reg_877_pp0_iter1_reg  |   1|   0|    1|          0|
    |icmp_ln8_8_reg_907                |   1|   0|    1|          0|
    |icmp_ln8_reg_677                  |   1|   0|    1|          0|
    |icmp_ln8_reg_677_pp0_iter1_reg    |   1|   0|    1|          0|
    |k_0_0_reg_342                     |  32|   0|   32|          0|
    |k_reg_654                         |  32|   0|   32|          0|
    |reg_398                           |  32|   0|   32|          0|
    |reg_403                           |  32|   0|   32|          0|
    |reg_407                           |  32|   0|   32|          0|
    |reg_412                           |  32|   0|   32|          0|
    |reg_417                           |  32|   0|   32|          0|
    |reg_422                           |  32|   0|   32|          0|
    |reg_427                           |  32|   0|   32|          0|
    |rowPtr_load_reg_664               |  32|   0|   32|          0|
    |tmp1_reg_897                      |  32|   0|   32|          0|
    |tmp_1_reg_921                     |  32|   0|   32|          0|
    |tmp_2_reg_931                     |  32|   0|   32|          0|
    |tmp_3_reg_941                     |  32|   0|   32|          0|
    |tmp_4_reg_946                     |  32|   0|   32|          0|
    |tmp_5_reg_951                     |  32|   0|   32|          0|
    |tmp_6_reg_956                     |  32|   0|   32|          0|
    |tmp_7_reg_961                     |  32|   0|   32|          0|
    |tmp_8_reg_966                     |  32|   0|   32|          0|
    |values_load_2_reg_747             |  32|   0|   32|          0|
    |values_load_3_reg_777             |  32|   0|   32|          0|
    |values_load_4_reg_807             |  32|   0|   32|          0|
    |values_load_5_reg_837             |  32|   0|   32|          0|
    |values_load_6_reg_872             |  32|   0|   32|          0|
    |x_load_4_reg_862                  |  32|   0|   32|          0|
    |y0_0_0_reg_352                    |  32|   0|   32|          0|
    |y0_0_lcssa_reg_364                |  32|   0|   32|          0|
    |y0_1_reg_977                      |  32|   0|   32|          0|
    |y0_2_reg_983                      |  32|   0|   32|          0|
    |y0_3_reg_989                      |  32|   0|   32|          0|
    |y0_4_reg_995                      |  32|   0|   32|          0|
    |y0_5_reg_1001                     |  32|   0|   32|          0|
    |y0_6_reg_1007                     |  32|   0|   32|          0|
    |y0_7_reg_1013                     |  32|   0|   32|          0|
    |y0_s_reg_971                      |  32|   0|   32|          0|
    |zext_ln8_reg_644                  |   9|   0|   64|         55|
    +----------------------------------+----+----+-----+-----------+
    |Total                             |1540|   0| 1595|         55|
    +----------------------------------+----+----+-----+-----------+



================================================================
== Interface
================================================================
* Summary: 
+----------------------+-----+-----+------------+--------------+--------------+
|       RTL Ports      | Dir | Bits|  Protocol  | Source Object|    C Type    |
+----------------------+-----+-----+------------+--------------+--------------+
|ap_clk                |  in |    1| ap_ctrl_hs |     spmv     | return value |
|ap_rst                |  in |    1| ap_ctrl_hs |     spmv     | return value |
|ap_start              |  in |    1| ap_ctrl_hs |     spmv     | return value |
|ap_done               | out |    1| ap_ctrl_hs |     spmv     | return value |
|ap_idle               | out |    1| ap_ctrl_hs |     spmv     | return value |
|ap_ready              | out |    1| ap_ctrl_hs |     spmv     | return value |
|rowPtr_address0       | out |    9|  ap_memory |    rowPtr    |     array    |
|rowPtr_ce0            | out |    1|  ap_memory |    rowPtr    |     array    |
|rowPtr_q0             |  in |   32|  ap_memory |    rowPtr    |     array    |
|columnIndex_address0  | out |   12|  ap_memory |  columnIndex |     array    |
|columnIndex_ce0       | out |    1|  ap_memory |  columnIndex |     array    |
|columnIndex_q0        |  in |   32|  ap_memory |  columnIndex |     array    |
|values_address0       | out |   12|  ap_memory |    values    |     array    |
|values_ce0            | out |    1|  ap_memory |    values    |     array    |
|values_q0             |  in |   32|  ap_memory |    values    |     array    |
|y_address0            | out |    8|  ap_memory |       y      |     array    |
|y_ce0                 | out |    1|  ap_memory |       y      |     array    |
|y_we0                 | out |    1|  ap_memory |       y      |     array    |
|y_d0                  | out |   32|  ap_memory |       y      |     array    |
|x_address0            | out |    8|  ap_memory |       x      |     array    |
|x_ce0                 | out |    1|  ap_memory |       x      |     array    |
|x_q0                  |  in |   32|  ap_memory |       x      |     array    |
+----------------------+-----+-----+------------+--------------+--------------+

