

================================================================
== Vivado HLS Report for 'spmv_kernel_Loop_3_p'
================================================================
* Date:           Sat May  8 21:32:32 2021

* Version:        2019.2 (Build 2704478 on Wed Nov 06 22:10:23 MST 2019)
* Project:        proj_spmv_fast_stream
* Solution:       solution1
* Product family: zynq
* Target device:  xc7z020-clg484-1


================================================================
== Performance Estimates
================================================================
+ Timing: 
    * Summary: 
    +--------+---------+----------+------------+
    |  Clock |  Target | Estimated| Uncertainty|
    +--------+---------+----------+------------+
    |ap_clk  | 5.00 ns | 3.254 ns |   0.62 ns  |
    +--------+---------+----------+------------+

+ Latency: 
    * Summary: 
    +---------+---------+----------+----------+-----+-----+---------+
    |  Latency (cycles) |  Latency (absolute) |  Interval | Pipeline|
    |   min   |   max   |    min   |    max   | min | max |   Type  |
    +---------+---------+----------+----------+-----+-----+---------+
    |      259|      259| 1.295 us | 1.295 us |  259|  259|   none  |
    +---------+---------+----------+----------+-----+-----+---------+

    + Detail: 
        * Instance: 
        N/A

        * Loop: 
        +----------+---------+---------+----------+-----------+-----------+------+----------+
        |          |  Latency (cycles) | Iteration|  Initiation Interval  | Trip |          |
        | Loop Name|   min   |   max   |  Latency |  achieved |   target  | Count| Pipelined|
        +----------+---------+---------+----------+-----------+-----------+------+----------+
        |- Loop 1  |      257|      257|         3|          1|          1|   256|    yes   |
        +----------+---------+---------+----------+-----------+-----------+------+----------+



================================================================
== Utilization Estimates
================================================================
* Summary: 
+-----------------+---------+-------+--------+-------+-----+
|       Name      | BRAM_18K| DSP48E|   FF   |  LUT  | URAM|
+-----------------+---------+-------+--------+-------+-----+
|DSP              |        -|      -|       -|      -|    -|
|Expression       |        -|      -|       0|     38|    -|
|FIFO             |        -|      -|       -|      -|    -|
|Instance         |        -|      -|       -|      -|    -|
|Memory           |        -|      -|       -|      -|    -|
|Multiplexer      |        -|      -|       -|     75|    -|
|Register         |        -|      -|      68|      -|    -|
+-----------------+---------+-------+--------+-------+-----+
|Total            |        0|      0|      68|    113|    0|
+-----------------+---------+-------+--------+-------+-----+
|Available        |      280|    220|  106400|  53200|    0|
+-----------------+---------+-------+--------+-------+-----+
|Utilization (%)  |        0|      0|   ~0   |   ~0  |    0|
+-----------------+---------+-------+--------+-------+-----+

+ Detail: 
    * Instance: 
    N/A

    * DSP48E: 
    N/A

    * Memory: 
    N/A

    * FIFO: 
    N/A

    * Expression: 
    +----------------------------------+----------+-------+---+----+------------+------------+
    |           Variable Name          | Operation| DSP48E| FF| LUT| Bitwidth P0| Bitwidth P1|
    +----------------------------------+----------+-------+---+----+------------+------------+
    |i_fu_79_p2                        |     +    |      0|  0|  15|           9|           1|
    |ap_block_pp0_stage0_11001         |    and   |      0|  0|   2|           1|           1|
    |ap_block_state3_pp0_stage0_iter1  |    and   |      0|  0|   2|           1|           1|
    |icmp_ln65_fu_73_p2                |   icmp   |      0|  0|  13|           9|          10|
    |ap_block_state1                   |    or    |      0|  0|   2|           1|           1|
    |ap_enable_pp0                     |    xor   |      0|  0|   2|           1|           2|
    |ap_enable_reg_pp0_iter1           |    xor   |      0|  0|   2|           2|           1|
    +----------------------------------+----------+-------+---+----+------------+------------+
    |Total                             |          |      0|  0|  38|          24|          17|
    +----------------------------------+----------+-------+---+----+------------+------------+

    * Multiplexer: 
    +------------------------------+----+-----------+-----+-----------+
    |             Name             | LUT| Input Size| Bits| Total Bits|
    +------------------------------+----+-----------+-----+-----------+
    |ap_NS_fsm                     |  21|          4|    1|          4|
    |ap_done                       |   9|          2|    1|          2|
    |ap_enable_reg_pp0_iter1       |   9|          2|    1|          2|
    |ap_enable_reg_pp0_iter2       |   9|          2|    1|          2|
    |ap_phi_mux_i3_0_phi_fu_65_p4  |   9|          2|    9|         18|
    |i3_0_reg_61                   |   9|          2|    9|         18|
    |results_fifo_V_blk_n          |   9|          2|    1|          2|
    +------------------------------+----+-----------+-----+-----------+
    |Total                         |  75|         16|   23|         48|
    +------------------------------+----+-----------+-----+-----------+

    * Register: 
    +--------------------------------+----+----+-----+-----------+
    |              Name              | FF | LUT| Bits| Const Bits|
    +--------------------------------+----+----+-----+-----------+
    |ap_CS_fsm                       |   3|   0|    3|          0|
    |ap_done_reg                     |   1|   0|    1|          0|
    |ap_enable_reg_pp0_iter0         |   1|   0|    1|          0|
    |ap_enable_reg_pp0_iter1         |   1|   0|    1|          0|
    |ap_enable_reg_pp0_iter2         |   1|   0|    1|          0|
    |i3_0_reg_61                     |   9|   0|    9|          0|
    |i3_0_reg_61_pp0_iter1_reg       |   9|   0|    9|          0|
    |i_reg_94                        |   9|   0|    9|          0|
    |icmp_ln65_reg_90                |   1|   0|    1|          0|
    |icmp_ln65_reg_90_pp0_iter1_reg  |   1|   0|    1|          0|
    |tmp_reg_99                      |  32|   0|   32|          0|
    +--------------------------------+----+----+-----+-----------+
    |Total                           |  68|   0|   68|          0|
    +--------------------------------+----+----+-----+-----------+



================================================================
== Interface
================================================================
* Summary: 
+------------------------+-----+-----+------------+----------------------+--------------+
|        RTL Ports       | Dir | Bits|  Protocol  |     Source Object    |    C Type    |
+------------------------+-----+-----+------------+----------------------+--------------+
|ap_clk                  |  in |    1| ap_ctrl_hs | spmv_kernel_Loop_3_p | return value |
|ap_rst                  |  in |    1| ap_ctrl_hs | spmv_kernel_Loop_3_p | return value |
|ap_start                |  in |    1| ap_ctrl_hs | spmv_kernel_Loop_3_p | return value |
|ap_done                 | out |    1| ap_ctrl_hs | spmv_kernel_Loop_3_p | return value |
|ap_continue             |  in |    1| ap_ctrl_hs | spmv_kernel_Loop_3_p | return value |
|ap_idle                 | out |    1| ap_ctrl_hs | spmv_kernel_Loop_3_p | return value |
|ap_ready                | out |    1| ap_ctrl_hs | spmv_kernel_Loop_3_p | return value |
|results_fifo_V_dout     |  in |   32|   ap_fifo  |    results_fifo_V    |    pointer   |
|results_fifo_V_empty_n  |  in |    1|   ap_fifo  |    results_fifo_V    |    pointer   |
|results_fifo_V_read     | out |    1|   ap_fifo  |    results_fifo_V    |    pointer   |
|y_address0              | out |    8|  ap_memory |           y          |     array    |
|y_ce0                   | out |    1|  ap_memory |           y          |     array    |
|y_we0                   | out |    1|  ap_memory |           y          |     array    |
|y_d0                    | out |   32|  ap_memory |           y          |     array    |
+------------------------+-----+-----+------------+----------------------+--------------+

